\BOOKMARK [0][-]{chapter.1}{Introduction}{}% 1
\BOOKMARK [1][-]{section.1.1}{Motivation}{chapter.1}% 2
\BOOKMARK [1][-]{section.1.2}{Problem}{chapter.1}% 3
\BOOKMARK [1][-]{section.1.3}{Solution}{chapter.1}% 4
\BOOKMARK [1][-]{section.1.4}{Related Work}{chapter.1}% 5
\BOOKMARK [2][-]{subsection.1.4.1}{Fragmentation}{section.1.4}% 6
\BOOKMARK [2][-]{subsection.1.4.2}{Mesh/Voxel Conversion}{section.1.4}% 7
\BOOKMARK [2][-]{subsection.1.4.3}{Related Uses}{section.1.4}% 8
\BOOKMARK [0][-]{chapter.2}{Preparation}{}% 9
\BOOKMARK [1][-]{section.2.1}{Refinement}{chapter.2}% 10
\BOOKMARK [1][-]{section.2.2}{Resources Used}{chapter.2}% 11
\BOOKMARK [1][-]{section.2.3}{Required Understanding}{chapter.2}% 12
\BOOKMARK [2][-]{subsection.2.3.1}{Voxelisation}{section.2.3}% 13
\BOOKMARK [2][-]{subsection.2.3.2}{Fragmentation}{section.2.3}% 14
\BOOKMARK [2][-]{subsection.2.3.3}{Meshing}{section.2.3}% 15
\BOOKMARK [1][-]{section.2.4}{Requirements Analysis}{chapter.2}% 16
\BOOKMARK [1][-]{section.2.5}{Planning}{chapter.2}% 17
\BOOKMARK [2][-]{subsection.2.5.1}{Pipeline}{section.2.5}% 18
\BOOKMARK [2][-]{subsection.2.5.2}{Class Structure}{section.2.5}% 19
\BOOKMARK [1][-]{section.2.6}{Conclusion}{chapter.2}% 20
\BOOKMARK [0][-]{chapter.3}{Implementation}{}% 21
\BOOKMARK [1][-]{section.3.1}{Process}{chapter.3}% 22
\BOOKMARK [1][-]{section.3.2}{Preprocessing}{chapter.3}% 23
\BOOKMARK [2][-]{subsection.3.2.1}{Assumptions}{section.3.2}% 24
\BOOKMARK [1][-]{section.3.3}{Voxelisation}{chapter.3}% 25
\BOOKMARK [2][-]{subsection.3.3.1}{Data structures}{section.3.3}% 26
\BOOKMARK [2][-]{subsection.3.3.2}{Triangle Phase}{section.3.3}% 27
\BOOKMARK [2][-]{subsection.3.3.3}{Propagation Phase}{section.3.3}% 28
\BOOKMARK [2][-]{subsection.3.3.4}{Progress}{section.3.3}% 29
\BOOKMARK [1][-]{section.3.4}{Physical Destruction}{chapter.3}% 30
\BOOKMARK [2][-]{subsection.3.4.1}{Data structures}{section.3.4}% 31
\BOOKMARK [2][-]{subsection.3.4.2}{Finding Generating Points}{section.3.4}% 32
\BOOKMARK [2][-]{subsection.3.4.3}{Partitioning}{section.3.4}% 33
\BOOKMARK [2][-]{subsection.3.4.4}{Finding Islands}{section.3.4}% 34
\BOOKMARK [2][-]{subsection.3.4.5}{Progress}{section.3.4}% 35
\BOOKMARK [2][-]{subsection.3.4.6}{Advantages}{section.3.4}% 36
\BOOKMARK [1][-]{section.3.5}{Intermediate Processing}{chapter.3}% 37
\BOOKMARK [2][-]{subsection.3.5.1}{Separating Border Voxels}{section.3.5}% 38
\BOOKMARK [1][-]{section.3.6}{Mesh Generation}{chapter.3}% 39
\BOOKMARK [2][-]{subsection.3.6.1}{Data Structures}{section.3.6}% 40
\BOOKMARK [2][-]{subsection.3.6.2}{Mesh Partitioning}{section.3.6}% 41
\BOOKMARK [2][-]{subsection.3.6.3}{Marching Tetrahedra}{section.3.6}% 42
\BOOKMARK [2][-]{subsection.3.6.4}{Progress}{section.3.6}% 43
\BOOKMARK [1][-]{section.3.7}{Post-processing}{chapter.3}% 44
\BOOKMARK [2][-]{subsection.3.7.1}{Physics}{section.3.7}% 45
\BOOKMARK [2][-]{subsection.3.7.2}{Game-object Generation}{section.3.7}% 46
\BOOKMARK [1][-]{section.3.8}{Result}{chapter.3}% 47
\BOOKMARK [1][-]{section.3.9}{Conclusion}{chapter.3}% 48
\BOOKMARK [0][-]{chapter.4}{Evaluation}{}% 49
\BOOKMARK [1][-]{section.4.1}{Comparison}{chapter.4}% 50
\BOOKMARK [2][-]{subsection.4.1.1}{Advantages}{section.4.1}% 51
\BOOKMARK [2][-]{subsection.4.1.2}{Disadvantages}{section.4.1}% 52
\BOOKMARK [1][-]{section.4.2}{Empirical Evaluation}{chapter.4}% 53
\BOOKMARK [2][-]{subsection.4.2.1}{Metrics}{section.4.2}% 54
\BOOKMARK [2][-]{subsection.4.2.2}{Unity3D Overhead}{section.4.2}% 55
\BOOKMARK [2][-]{subsection.4.2.3}{Simple Object}{section.4.2}% 56
\BOOKMARK [2][-]{subsection.4.2.4}{Complex Object}{section.4.2}% 57
\BOOKMARK [2][-]{subsection.4.2.5}{Multiple Objects}{section.4.2}% 58
\BOOKMARK [2][-]{subsection.4.2.6}{Results}{section.4.2}% 59
\BOOKMARK [1][-]{section.4.3}{Requirements Met}{chapter.4}% 60
\BOOKMARK [1][-]{section.4.4}{Feasible Continuations}{chapter.4}% 61
\BOOKMARK [2][-]{subsection.4.4.1}{Accuracy}{section.4.4}% 62
\BOOKMARK [2][-]{subsection.4.4.2}{Parallelism}{section.4.4}% 63
\BOOKMARK [1][-]{section.4.5}{Conclusion}{chapter.4}% 64
\BOOKMARK [0][-]{chapter.5}{Conclusions}{}% 65
\BOOKMARK [0][-]{chapter*.62}{Bibliography}{}% 66
\BOOKMARK [0][-]{appendix.A}{Expanded Tables}{}% 67
